2015年 03月 02日 星期一 15:03:44 CST
%Cpu(s):  4.0 us,  1.2 sy,  0.2 ni, 89.5 id,  5.1 wa,  0.0 hi,  0.0 si,  0.0 st
PID    USER  PR  NI  VIRT     RES     SHR    S  %CPU  %MEM  TIME+    COMMAND
1108   root  20  0   568316   81392   61932  S  6.5   2.1   4:15.86  Xorg
1614   ht    20  0   519892   24084   8876   S  6.5   0.6   0:11.49  unity-pane+
1698   ht    20  0   1323072  62600   19768  S  6.5   1.6   4:59.76  compiz
1849   ht    20  0   1559492  43124   22180  S  6.5   1.1   0:22.98  nautilus
1005   root  20  0   75352    2496    1552   S  0.0   0.1   0:00.02  cups-brows+
100    root  20  0   0        0       0      S  0.0   0.0   0:03.98  kworker/2:1
1013   root  20  0   19188    716     488    S  0.0   0.0   0:01.26  irqbalance
10567  ht    20  0   1203904  233840  45456  S  0.0   5.9   1:36.95  chrome
1080   root  20  0   20016    784     628    S  0.0   0.0   0:00.00  getty
1096   root  20  0   351620   3244    2528   S  0.0   0.1   0:00.26  lightdm
=======================================================================================
2015年 03月 02日 星期一 15:03:45 CST
%Cpu(s):  4.0 us,  1.2 sy,  0.2 ni, 89.5 id,  5.1 wa,  0.0 hi,  0.0 si,  0.0 st
PID    USER  PR  NI   VIRT     RES     SHR    S  %CPU  %MEM  TIME+    COMMAND
1608   ht    20  0    669456   40484   7856   S  6.5   1.0   0:07.32  hud-service
1614   ht    20  0    519892   24084   8876   S  6.5   0.6   0:11.50  unity-pane+
1686   ht    9   -11  587284   5380    3120   S  6.5   0.1   1:07.30  pulseaudio
1849   ht    20  0    1559492  43124   22180  S  6.5   1.1   0:23.01  nautilus
2798   ht    20  0    1639688  83756   38792  S  6.5   2.1   5:56.08  kwplayer
5958   ht    20  0    2744204  73172   19900  S  6.5   1.8   4:51.75  QQ.exe
1005   root  20  0    75352    2496    1552   S  0.0   0.1   0:00.02  cups-brows+
100    root  20  0    0        0       0      S  0.0   0.0   0:03.99  kworker/2:1
1013   root  20  0    19188    716     488    S  0.0   0.0   0:01.26  irqbalance
10567  ht    20  0    1203904  233840  45456  S  0.0   5.9   1:36.95  chrome
=======================================================================================
