2015年 03月 02日 星期一 15:03:34 CST
%Cpu(s):  4.0 us,  1.2 sy,  0.2 ni, 89.5 id,  5.1 wa,  0.0 hi,  0.0 si,  0.0 st
PID    USER  PR  NI  VIRT     RES     SHR    S  %CPU  %MEM  TIME+    COMMAND
1553   ht    20  0   40344    2584    1052   S  6.5   0.1   0:12.62  dbus-daemon
17384  ht    20  0   29140    1556    1060   R  6.5   0.0   0:00.01  top
1771   ht    20  0   893932   3632    2636   S  6.5   0.1   0:00.72  indicator-+
2625   ht    20  0   903692   121168  13576  S  6.5   3.1   8:40.46  chrome
2798   ht    20  0   1639688  83756   38792  S  6.5   2.1   5:55.57  kwplayer
5958   ht    20  0   2744204  73172   19900  S  6.5   1.8   4:51.49  QQ.exe
5962   ht    20  0   9968     6480    468    S  6.5   0.2   3:10.05  wineserver
1005   root  20  0   75352    2496    1552   S  0.0   0.1   0:00.02  cups-brows+
100    root  20  0   0        0       0      S  0.0   0.0   0:03.98  kworker/2:1
1013   root  20  0   19188    716     488    S  0.0   0.0   0:01.25  irqbalance
=======================================================================================
2015年 03月 02日 星期一 15:03:36 CST
%Cpu(s):  4.0 us,  1.2 sy,  0.2 ni, 89.5 id,  5.1 wa,  0.0 hi,  0.0 si,  0.0 st
PID    USER  PR  NI  VIRT     RES     SHR    S  %CPU  %MEM  TIME+    COMMAND
2798   ht    20  0   1639688  83756   38792  S  32.1  2.1   5:55.65  kwplayer
1108   root  20  0   568332   81344   61884  S  6.4   2.1   4:15.68  Xorg
1608   ht    20  0   669196   40220   7856   S  6.4   1.0   0:07.24  hud-service
1614   ht    20  0   519892   24084   8876   S  6.4   0.6   0:11.43  unity-pane+
1849   ht    20  0   1559492  43124   22180  S  6.4   1.1   0:22.88  nautilus
2625   ht    20  0   903692   121168  13576  S  6.4   3.1   8:40.50  chrome
1005   root  20  0   75352    2496    1552   S  0.0   0.1   0:00.02  cups-brows+
100    root  20  0   0        0       0      S  0.0   0.0   0:03.98  kworker/2:1
1013   root  20  0   19188    716     488    S  0.0   0.0   0:01.26  irqbalance
10567  ht    20  0   1203904  233840  45456  S  0.0   5.9   1:36.93  chrome
=======================================================================================
2015年 03月 02日 星期一 15:03:37 CST
%Cpu(s):  4.0 us,  1.2 sy,  0.2 ni, 89.5 id,  5.1 wa,  0.0 hi,  0.0 si,  0.0 st
PID    USER  PR  NI  VIRT     RES     SHR    S  %CPU  %MEM  TIME+    COMMAND
1108   root  20  0   568332   81344   61884  S  6.5   2.1   4:15.70  Xorg
1608   ht    20  0   669324   40484   7856   S  6.5   1.0   0:07.25  hud-service
1614   ht    20  0   519892   24084   8876   S  6.5   0.6   0:11.44  unity-pane+
1698   ht    20  0   1323076  62600   19768  S  6.5   1.6   4:59.59  compiz
17468  ht    20  0   29140    1556    1060   R  6.5   0.0   0:00.01  top
1849   ht    20  0   1559492  43124   22180  S  6.5   1.1   0:22.89  nautilus
2625   ht    20  0   903692   121168  13576  S  6.5   3.1   8:40.54  chrome
5962   ht    20  0   9968     6480    468    S  6.5   0.2   3:10.07  wineserver
1005   root  20  0   75352    2496    1552   S  0.0   0.1   0:00.02  cups-brows+
100    root  20  0   0        0       0      S  0.0   0.0   0:03.98  kworker/2:1
=======================================================================================
2015年 03月 02日 星期一 15:03:38 CST
%Cpu(s):  4.0 us,  1.2 sy,  0.2 ni, 89.5 id,  5.1 wa,  0.0 hi,  0.0 si,  0.0 st
PID    USER  PR  NI  VIRT     RES     SHR    S  %CPU  %MEM  TIME+    COMMAND
12654  ht    20  0   883600   168116  31636  S  12.9  4.2   0:13.52  chrome
1849   ht    20  0   1559492  43124   22180  S  12.9  1.1   0:22.92  nautilus
2366   ht    20  0   1508532  146592  39948  R  12.9  3.7   4:22.64  chrome
1108   root  20  0   568332   81344   61884  S  6.4   2.1   4:15.74  Xorg
1608   ht    20  0   669324   40484   7856   S  6.4   1.0   0:07.26  hud-service
1698   ht    20  0   1323080  62600   19768  S  6.4   1.6   4:59.65  compiz
2408   ht    20  0   917368   210576  52544  S  6.4   5.3   1:33.30  chrome
2798   ht    20  0   1639688  83756   38792  S  6.4   2.1   5:55.76  kwplayer
1005   root  20  0   75352    2496    1552   S  0.0   0.1   0:00.02  cups-brows+
100    root  20  0   0        0       0      S  0.0   0.0   0:03.98  kworker/2:1
=======================================================================================
