2015年 03月 02日 星期一 15:03:39 CST
%Cpu(s):  4.0 us,  1.2 sy,  0.2 ni, 89.5 id,  5.1 wa,  0.0 hi,  0.0 si,  0.0 st
PID   USER  PR  NI  VIRT     RES    SHR    S  %CPU  %MEM  TIME+    COMMAND
1108  root  20  0   568332   81344  61884  S  6.4   2.1   4:15.80  Xorg
11    root  20  0   0        0      0      S  6.4   0.0   0:02.38  rcuos/3
1553  ht    20  0   40344    2584   1052   S  6.4   0.1   0:12.63  dbus-daemon
1608  ht    20  0   669324   40484  7856   S  6.4   1.0   0:07.27  hud-service
1698  ht    20  0   1323080  62600  19768  S  6.4   1.6   4:59.70  compiz
1849  ht    20  0   1559492  43124  22180  S  6.4   1.1   0:22.93  nautilus
2798  ht    20  0   1639688  83756  38792  S  6.4   2.1   5:55.83  kwplayer
5958  ht    20  0   2744204  73172  19900  S  6.4   1.8   4:51.67  QQ.exe
1005  root  20  0   75352    2496   1552   S  0.0   0.1   0:00.02  cups-brows+
100   root  20  0   0        0      0      S  0.0   0.0   0:03.98  kworker/2:1
=======================================================================================
2015年 03月 02日 星期一 15:03:40 CST
%Cpu(s):  4.0 us,  1.2 sy,  0.2 ni, 89.5 id,  5.1 wa,  0.0 hi,  0.0 si,  0.0 st
PID    USER  PR  NI  VIRT     RES     SHR    S  %CPU  %MEM  TIME+    COMMAND
17609  ht    20  0   29140    1556    1060   R  6.5   0.0   0:00.01  top
1849   ht    20  0   1559492  43124   22180  S  6.5   1.1   0:22.95  nautilus
2625   ht    20  0   903692   121168  13576  S  6.5   3.1   8:40.65  chrome
2798   ht    20  0   1639688  83756   38792  S  6.5   2.1   5:55.89  kwplayer
8      root  20  0   0        0       0      S  6.5   0.0   0:02.31  rcuos/0
1005   root  20  0   75352    2496    1552   S  0.0   0.1   0:00.02  cups-brows+
100    root  20  0   0        0       0      S  0.0   0.0   0:03.98  kworker/2:1
1013   root  20  0   19188    716     488    S  0.0   0.0   0:01.26  irqbalance
10567  ht    20  0   1203904  233840  45456  S  0.0   5.9   1:36.95  chrome
1080   root  20  0   20016    784     628    S  0.0   0.0   0:00.00  getty
=======================================================================================
2015年 03月 02日 星期一 15:03:41 CST
%Cpu(s):  4.0 us,  1.2 sy,  0.2 ni, 89.5 id,  5.1 wa,  0.0 hi,  0.0 si,  0.0 st
PID    USER  PR  NI  VIRT     RES     SHR    S  %CPU  %MEM  TIME+    COMMAND
1608   ht    20  0   669324   40484   7856   S  6.5   1.0   0:07.29  hud-service
1614   ht    20  0   519892   24084   8876   S  6.5   0.6   0:11.47  unity-pane+
1849   ht    20  0   1559492  43124   22180  S  6.5   1.1   0:22.96  nautilus
2625   ht    20  0   903692   121168  13576  S  6.5   3.1   8:40.69  chrome
2798   ht    20  0   1639688  83756   38792  S  6.5   2.1   5:55.94  kwplayer
1005   root  20  0   75352    2496    1552   S  0.0   0.1   0:00.02  cups-brows+
100    root  20  0   0        0       0      S  0.0   0.0   0:03.98  kworker/2:1
1013   root  20  0   19188    716     488    S  0.0   0.0   0:01.26  irqbalance
10567  ht    20  0   1203904  233840  45456  S  0.0   5.9   1:36.95  chrome
1080   root  20  0   20016    784     628    S  0.0   0.0   0:00.00  getty
=======================================================================================
2015年 03月 02日 星期一 15:03:43 CST
%Cpu(s):  4.0 us,  1.2 sy,  0.2 ni, 89.5 id,  5.1 wa,  0.0 hi,  0.0 si,  0.0 st
PID    USER  PR  NI  VIRT     RES     SHR    S  %CPU  %MEM  TIME+    COMMAND
1608   ht    20  0   669324   40484   7856   S  6.4   1.0   0:07.30  hud-service
1849   ht    20  0   1559492  43124   22180  S  6.4   1.1   0:22.97  nautilus
1005   root  20  0   75352    2496    1552   S  0.0   0.1   0:00.02  cups-brows+
100    root  20  0   0        0       0      S  0.0   0.0   0:03.98  kworker/2:1
1013   root  20  0   19188    716     488    S  0.0   0.0   0:01.26  irqbalance
10567  ht    20  0   1203904  233840  45456  S  0.0   5.9   1:36.95  chrome
1080   root  20  0   20016    784     628    S  0.0   0.0   0:00.00  getty
1096   root  20  0   351620   3244    2528   S  0.0   0.1   0:00.26  lightdm
10     root  20  0   0        0       0      S  0.0   0.0   0:02.56  rcuos/2
1108   root  20  0   568316   81392   61932  S  0.0   2.1   4:15.85  Xorg
=======================================================================================
